The system is: Linux - 4.4.38-1-MANJARO - x86_64
Compiling the C compiler identification source file "CMakeCCompilerId.c" succeeded.
Compiler: /tools/bin/cc 
Build flags: 
Id flags: 

The output was:
0


Compilation of the C compiler identification source "CMakeCCompilerId.c" produced "a.out"

The C compiler identification is GNU, found in "/home/mohsen/ClionProjects/CrowFM/cmake-build-debug/CMakeFiles/3.6.2/CompilerIdC/a.out"

Compiling the CXX compiler identification source file "CMakeCXXCompilerId.cpp" succeeded.
Compiler: /tools/bin/c++ 
Build flags: 
Id flags: 

The output was:
0


Compilation of the CXX compiler identification source "CMakeCXXCompilerId.cpp" produced "a.out"

The CXX compiler identification is GNU, found in "/home/mohsen/ClionProjects/CrowFM/cmake-build-debug/CMakeFiles/3.6.2/CompilerIdCXX/a.out"

Determining if the C compiler works passed with the following output:
Change Dir: /home/mohsen/ClionProjects/CrowFM/cmake-build-debug/CMakeFiles/CMakeTmp

Run Build Command:"/tools/bin/make" "cmTC_ea3d7/fast"
/tools/bin/make -f CMakeFiles/cmTC_ea3d7.dir/build.make CMakeFiles/cmTC_ea3d7.dir/build
make[1]: Entering directory '/home/mohsen/ClionProjects/CrowFM/cmake-build-debug/CMakeFiles/CMakeTmp'
Building C object CMakeFiles/cmTC_ea3d7.dir/testCCompiler.c.o
/tools/bin/cc     -o CMakeFiles/cmTC_ea3d7.dir/testCCompiler.c.o   -c /home/mohsen/ClionProjects/CrowFM/cmake-build-debug/CMakeFiles/CMakeTmp/testCCompiler.c
Linking C executable cmTC_ea3d7
/opt/clion/bin/cmake/bin/cmake -E cmake_link_script CMakeFiles/cmTC_ea3d7.dir/link.txt --verbose=1
/tools/bin/cc       CMakeFiles/cmTC_ea3d7.dir/testCCompiler.c.o  -o cmTC_ea3d7 
make[1]: Leaving directory '/home/mohsen/ClionProjects/CrowFM/cmake-build-debug/CMakeFiles/CMakeTmp'


Detecting C compiler ABI info compiled with the following output:
Change Dir: /home/mohsen/ClionProjects/CrowFM/cmake-build-debug/CMakeFiles/CMakeTmp

Run Build Command:"/tools/bin/make" "cmTC_886f1/fast"
/tools/bin/make -f CMakeFiles/cmTC_886f1.dir/build.make CMakeFiles/cmTC_886f1.dir/build
make[1]: Entering directory '/home/mohsen/ClionProjects/CrowFM/cmake-build-debug/CMakeFiles/CMakeTmp'
Building C object CMakeFiles/cmTC_886f1.dir/CMakeCCompilerABI.c.o
/tools/bin/cc     -o CMakeFiles/cmTC_886f1.dir/CMakeCCompilerABI.c.o   -c /opt/clion/bin/cmake/share/cmake-3.6/Modules/CMakeCCompilerABI.c
Linking C executable cmTC_886f1
/opt/clion/bin/cmake/bin/cmake -E cmake_link_script CMakeFiles/cmTC_886f1.dir/link.txt --verbose=1
/tools/bin/cc      -v CMakeFiles/cmTC_886f1.dir/CMakeCCompilerABI.c.o  -o cmTC_886f1  
Reading specs from /home/mohsen/Applications/LFS/LFSPartition/tools/bin/../lib/gcc/x86_64-pc-linux-gnu/6.2.0/specs
COLLECT_GCC=/tools/bin/cc
COLLECT_LTO_WRAPPER=/home/mohsen/Applications/LFS/LFSPartition/tools/bin/../libexec/gcc/x86_64-pc-linux-gnu/6.2.0/lto-wrapper
Target: x86_64-pc-linux-gnu
Configured with: ../configure --prefix=/tools --with-local-prefix=/tools --with-native-system-header-dir=/tools/include --enable-languages=c,c++ --disable-libstdcxx-pch --disable-multilib --disable-bootstrap --disable-libgomp
Thread model: posix
gcc version 6.2.0 (GCC) 
COMPILER_PATH=/home/mohsen/Applications/LFS/LFSPartition/tools/bin/../libexec/gcc/x86_64-pc-linux-gnu/6.2.0/:/home/mohsen/Applications/LFS/LFSPartition/tools/bin/../libexec/gcc/:/home/mohsen/Applications/LFS/LFSPartition/tools/bin/../lib/gcc/x86_64-pc-linux-gnu/6.2.0/../../../../x86_64-pc-linux-gnu/bin/
LIBRARY_PATH=/home/mohsen/Applications/LFS/LFSPartition/tools/bin/../lib/gcc/x86_64-pc-linux-gnu/6.2.0/:/home/mohsen/Applications/LFS/LFSPartition/tools/bin/../lib/gcc/:/usr/lib/../lib64/:/home/mohsen/Applications/LFS/LFSPartition/tools/bin/../lib/gcc/x86_64-pc-linux-gnu/6.2.0/../../../../x86_64-pc-linux-gnu/lib/:/usr/lib/
COLLECT_GCC_OPTIONS='-v' '-o' 'cmTC_886f1' '-mtune=generic' '-march=x86-64'
 /home/mohsen/Applications/LFS/LFSPartition/tools/bin/../libexec/gcc/x86_64-pc-linux-gnu/6.2.0/collect2 -plugin /home/mohsen/Applications/LFS/LFSPartition/tools/bin/../libexec/gcc/x86_64-pc-linux-gnu/6.2.0/liblto_plugin.so -plugin-opt=/home/mohsen/Applications/LFS/LFSPartition/tools/bin/../libexec/gcc/x86_64-pc-linux-gnu/6.2.0/lto-wrapper -plugin-opt=-fresolution=/tmp/ccLSxX4W.res -plugin-opt=-pass-through=-lgcc -plugin-opt=-pass-through=-lgcc_s -plugin-opt=-pass-through=-lc -plugin-opt=-pass-through=-lgcc -plugin-opt=-pass-through=-lgcc_s --eh-frame-hdr -m elf_x86_64 -dynamic-linker /lib64/ld-linux-x86-64.so.2 -o cmTC_886f1 /usr/lib/../lib64/crt1.o /usr/lib/../lib64/crti.o /home/mohsen/Applications/LFS/LFSPartition/tools/bin/../lib/gcc/x86_64-pc-linux-gnu/6.2.0/crtbegin.o -L/home/mohsen/Applications/LFS/LFSPartition/tools/bin/../lib/gcc/x86_64-pc-linux-gnu/6.2.0 -L/home/mohsen/Applications/LFS/LFSPartition/tools/bin/../lib/gcc -L/usr/lib/../lib64 -L/home/mohsen/Applications/LFS/LFSPartition/tools/bin/../lib/gcc/x86_64-pc-linux-gnu/6.2.0/../../../../x86_64-pc-linux-gnu/lib CMakeFiles/cmTC_886f1.dir/CMakeCCompilerABI.c.o -lgcc --as-needed -lgcc_s --no-as-needed -lc -lgcc --as-needed -lgcc_s --no-as-needed /home/mohsen/Applications/LFS/LFSPartition/tools/bin/../lib/gcc/x86_64-pc-linux-gnu/6.2.0/crtend.o /usr/lib/../lib64/crtn.o
COLLECT_GCC_OPTIONS='-v' '-o' 'cmTC_886f1' '-mtune=generic' '-march=x86-64'
make[1]: Leaving directory '/home/mohsen/ClionProjects/CrowFM/cmake-build-debug/CMakeFiles/CMakeTmp'


Parsed C implicit link information from above output:
  link line regex: [^( *|.*[/\])(ld|([^/\]+-)?ld|collect2)[^/\]*( |$)]
  ignore line: [Change Dir: /home/mohsen/ClionProjects/CrowFM/cmake-build-debug/CMakeFiles/CMakeTmp]
  ignore line: []
  ignore line: [Run Build Command:"/tools/bin/make" "cmTC_886f1/fast"]
  ignore line: [/tools/bin/make -f CMakeFiles/cmTC_886f1.dir/build.make CMakeFiles/cmTC_886f1.dir/build]
  ignore line: [make[1]: Entering directory '/home/mohsen/ClionProjects/CrowFM/cmake-build-debug/CMakeFiles/CMakeTmp']
  ignore line: [Building C object CMakeFiles/cmTC_886f1.dir/CMakeCCompilerABI.c.o]
  ignore line: [/tools/bin/cc     -o CMakeFiles/cmTC_886f1.dir/CMakeCCompilerABI.c.o   -c /opt/clion/bin/cmake/share/cmake-3.6/Modules/CMakeCCompilerABI.c]
  ignore line: [Linking C executable cmTC_886f1]
  ignore line: [/opt/clion/bin/cmake/bin/cmake -E cmake_link_script CMakeFiles/cmTC_886f1.dir/link.txt --verbose=1]
  ignore line: [/tools/bin/cc      -v CMakeFiles/cmTC_886f1.dir/CMakeCCompilerABI.c.o  -o cmTC_886f1  ]
  ignore line: [Reading specs from /home/mohsen/Applications/LFS/LFSPartition/tools/bin/../lib/gcc/x86_64-pc-linux-gnu/6.2.0/specs]
  ignore line: [COLLECT_GCC=/tools/bin/cc]
  ignore line: [COLLECT_LTO_WRAPPER=/home/mohsen/Applications/LFS/LFSPartition/tools/bin/../libexec/gcc/x86_64-pc-linux-gnu/6.2.0/lto-wrapper]
  ignore line: [Target: x86_64-pc-linux-gnu]
  ignore line: [Configured with: ../configure --prefix=/tools --with-local-prefix=/tools --with-native-system-header-dir=/tools/include --enable-languages=c,c++ --disable-libstdcxx-pch --disable-multilib --disable-bootstrap --disable-libgomp]
  ignore line: [Thread model: posix]
  ignore line: [gcc version 6.2.0 (GCC) ]
  ignore line: [COMPILER_PATH=/home/mohsen/Applications/LFS/LFSPartition/tools/bin/../libexec/gcc/x86_64-pc-linux-gnu/6.2.0/:/home/mohsen/Applications/LFS/LFSPartition/tools/bin/../libexec/gcc/:/home/mohsen/Applications/LFS/LFSPartition/tools/bin/../lib/gcc/x86_64-pc-linux-gnu/6.2.0/../../../../x86_64-pc-linux-gnu/bin/]
  ignore line: [LIBRARY_PATH=/home/mohsen/Applications/LFS/LFSPartition/tools/bin/../lib/gcc/x86_64-pc-linux-gnu/6.2.0/:/home/mohsen/Applications/LFS/LFSPartition/tools/bin/../lib/gcc/:/usr/lib/../lib64/:/home/mohsen/Applications/LFS/LFSPartition/tools/bin/../lib/gcc/x86_64-pc-linux-gnu/6.2.0/../../../../x86_64-pc-linux-gnu/lib/:/usr/lib/]
  ignore line: [COLLECT_GCC_OPTIONS='-v' '-o' 'cmTC_886f1' '-mtune=generic' '-march=x86-64']
  link line: [ /home/mohsen/Applications/LFS/LFSPartition/tools/bin/../libexec/gcc/x86_64-pc-linux-gnu/6.2.0/collect2 -plugin /home/mohsen/Applications/LFS/LFSPartition/tools/bin/../libexec/gcc/x86_64-pc-linux-gnu/6.2.0/liblto_plugin.so -plugin-opt=/home/mohsen/Applications/LFS/LFSPartition/tools/bin/../libexec/gcc/x86_64-pc-linux-gnu/6.2.0/lto-wrapper -plugin-opt=-fresolution=/tmp/ccLSxX4W.res -plugin-opt=-pass-through=-lgcc -plugin-opt=-pass-through=-lgcc_s -plugin-opt=-pass-through=-lc -plugin-opt=-pass-through=-lgcc -plugin-opt=-pass-through=-lgcc_s --eh-frame-hdr -m elf_x86_64 -dynamic-linker /lib64/ld-linux-x86-64.so.2 -o cmTC_886f1 /usr/lib/../lib64/crt1.o /usr/lib/../lib64/crti.o /home/mohsen/Applications/LFS/LFSPartition/tools/bin/../lib/gcc/x86_64-pc-linux-gnu/6.2.0/crtbegin.o -L/home/mohsen/Applications/LFS/LFSPartition/tools/bin/../lib/gcc/x86_64-pc-linux-gnu/6.2.0 -L/home/mohsen/Applications/LFS/LFSPartition/tools/bin/../lib/gcc -L/usr/lib/../lib64 -L/home/mohsen/Applications/LFS/LFSPartition/tools/bin/../lib/gcc/x86_64-pc-linux-gnu/6.2.0/../../../../x86_64-pc-linux-gnu/lib CMakeFiles/cmTC_886f1.dir/CMakeCCompilerABI.c.o -lgcc --as-needed -lgcc_s --no-as-needed -lc -lgcc --as-needed -lgcc_s --no-as-needed /home/mohsen/Applications/LFS/LFSPartition/tools/bin/../lib/gcc/x86_64-pc-linux-gnu/6.2.0/crtend.o /usr/lib/../lib64/crtn.o]
    arg [/home/mohsen/Applications/LFS/LFSPartition/tools/bin/../libexec/gcc/x86_64-pc-linux-gnu/6.2.0/collect2] ==> ignore
    arg [-plugin] ==> ignore
    arg [/home/mohsen/Applications/LFS/LFSPartition/tools/bin/../libexec/gcc/x86_64-pc-linux-gnu/6.2.0/liblto_plugin.so] ==> ignore
    arg [-plugin-opt=/home/mohsen/Applications/LFS/LFSPartition/tools/bin/../libexec/gcc/x86_64-pc-linux-gnu/6.2.0/lto-wrapper] ==> ignore
    arg [-plugin-opt=-fresolution=/tmp/ccLSxX4W.res] ==> ignore
    arg [-plugin-opt=-pass-through=-lgcc] ==> ignore
    arg [-plugin-opt=-pass-through=-lgcc_s] ==> ignore
    arg [-plugin-opt=-pass-through=-lc] ==> ignore
    arg [-plugin-opt=-pass-through=-lgcc] ==> ignore
    arg [-plugin-opt=-pass-through=-lgcc_s] ==> ignore
    arg [--eh-frame-hdr] ==> ignore
    arg [-m] ==> ignore
    arg [elf_x86_64] ==> ignore
    arg [-dynamic-linker] ==> ignore
    arg [/lib64/ld-linux-x86-64.so.2] ==> ignore
    arg [-o] ==> ignore
    arg [cmTC_886f1] ==> ignore
    arg [/usr/lib/../lib64/crt1.o] ==> ignore
    arg [/usr/lib/../lib64/crti.o] ==> ignore
    arg [/home/mohsen/Applications/LFS/LFSPartition/tools/bin/../lib/gcc/x86_64-pc-linux-gnu/6.2.0/crtbegin.o] ==> ignore
    arg [-L/home/mohsen/Applications/LFS/LFSPartition/tools/bin/../lib/gcc/x86_64-pc-linux-gnu/6.2.0] ==> dir [/home/mohsen/Applications/LFS/LFSPartition/tools/bin/../lib/gcc/x86_64-pc-linux-gnu/6.2.0]
    arg [-L/home/mohsen/Applications/LFS/LFSPartition/tools/bin/../lib/gcc] ==> dir [/home/mohsen/Applications/LFS/LFSPartition/tools/bin/../lib/gcc]
    arg [-L/usr/lib/../lib64] ==> dir [/usr/lib/../lib64]
    arg [-L/home/mohsen/Applications/LFS/LFSPartition/tools/bin/../lib/gcc/x86_64-pc-linux-gnu/6.2.0/../../../../x86_64-pc-linux-gnu/lib] ==> dir [/home/mohsen/Applications/LFS/LFSPartition/tools/bin/../lib/gcc/x86_64-pc-linux-gnu/6.2.0/../../../../x86_64-pc-linux-gnu/lib]
    arg [CMakeFiles/cmTC_886f1.dir/CMakeCCompilerABI.c.o] ==> ignore
    arg [-lgcc] ==> lib [gcc]
    arg [--as-needed] ==> ignore
    arg [-lgcc_s] ==> lib [gcc_s]
    arg [--no-as-needed] ==> ignore
    arg [-lc] ==> lib [c]
    arg [-lgcc] ==> lib [gcc]
    arg [--as-needed] ==> ignore
    arg [-lgcc_s] ==> lib [gcc_s]
    arg [--no-as-needed] ==> ignore
    arg [/home/mohsen/Applications/LFS/LFSPartition/tools/bin/../lib/gcc/x86_64-pc-linux-gnu/6.2.0/crtend.o] ==> ignore
    arg [/usr/lib/../lib64/crtn.o] ==> ignore
  remove lib [gcc]
  remove lib [gcc_s]
  remove lib [gcc]
  remove lib [gcc_s]
  collapse library dir [/home/mohsen/Applications/LFS/LFSPartition/tools/bin/../lib/gcc/x86_64-pc-linux-gnu/6.2.0] ==> [/home/mohsen/Applications/LFS/LFSPartition/tools/lib/gcc/x86_64-pc-linux-gnu/6.2.0]
  collapse library dir [/home/mohsen/Applications/LFS/LFSPartition/tools/bin/../lib/gcc] ==> [/home/mohsen/Applications/LFS/LFSPartition/tools/lib/gcc]
  collapse library dir [/usr/lib/../lib64] ==> [/usr/lib64]
  collapse library dir [/home/mohsen/Applications/LFS/LFSPartition/tools/bin/../lib/gcc/x86_64-pc-linux-gnu/6.2.0/../../../../x86_64-pc-linux-gnu/lib] ==> [/home/mohsen/Applications/LFS/LFSPartition/tools/x86_64-pc-linux-gnu/lib]
  implicit libs: [c]
  implicit dirs: [/home/mohsen/Applications/LFS/LFSPartition/tools/lib/gcc/x86_64-pc-linux-gnu/6.2.0;/home/mohsen/Applications/LFS/LFSPartition/tools/lib/gcc;/usr/lib64;/home/mohsen/Applications/LFS/LFSPartition/tools/x86_64-pc-linux-gnu/lib]
  implicit fwks: []




Detecting C [-std=c11] compiler features compiled with the following output:
Change Dir: /home/mohsen/ClionProjects/CrowFM/cmake-build-debug/CMakeFiles/CMakeTmp

Run Build Command:"/tools/bin/make" "cmTC_a1200/fast"
/tools/bin/make -f CMakeFiles/cmTC_a1200.dir/build.make CMakeFiles/cmTC_a1200.dir/build
make[1]: Entering directory '/home/mohsen/ClionProjects/CrowFM/cmake-build-debug/CMakeFiles/CMakeTmp'
Building C object CMakeFiles/cmTC_a1200.dir/feature_tests.c.o
/tools/bin/cc    -std=c11 -o CMakeFiles/cmTC_a1200.dir/feature_tests.c.o   -c /home/mohsen/ClionProjects/CrowFM/cmake-build-debug/CMakeFiles/feature_tests.c
Linking C executable cmTC_a1200
/opt/clion/bin/cmake/bin/cmake -E cmake_link_script CMakeFiles/cmTC_a1200.dir/link.txt --verbose=1
/tools/bin/cc       CMakeFiles/cmTC_a1200.dir/feature_tests.c.o  -o cmTC_a1200 
make[1]: Leaving directory '/home/mohsen/ClionProjects/CrowFM/cmake-build-debug/CMakeFiles/CMakeTmp'


    Feature record: C_FEATURE:1c_function_prototypes
    Feature record: C_FEATURE:1c_restrict
    Feature record: C_FEATURE:1c_static_assert
    Feature record: C_FEATURE:1c_variadic_macros


Detecting C [-std=c99] compiler features compiled with the following output:
Change Dir: /home/mohsen/ClionProjects/CrowFM/cmake-build-debug/CMakeFiles/CMakeTmp

Run Build Command:"/tools/bin/make" "cmTC_914d8/fast"
/tools/bin/make -f CMakeFiles/cmTC_914d8.dir/build.make CMakeFiles/cmTC_914d8.dir/build
make[1]: Entering directory '/home/mohsen/ClionProjects/CrowFM/cmake-build-debug/CMakeFiles/CMakeTmp'
Building C object CMakeFiles/cmTC_914d8.dir/feature_tests.c.o
/tools/bin/cc    -std=c99 -o CMakeFiles/cmTC_914d8.dir/feature_tests.c.o   -c /home/mohsen/ClionProjects/CrowFM/cmake-build-debug/CMakeFiles/feature_tests.c
Linking C executable cmTC_914d8
/opt/clion/bin/cmake/bin/cmake -E cmake_link_script CMakeFiles/cmTC_914d8.dir/link.txt --verbose=1
/tools/bin/cc       CMakeFiles/cmTC_914d8.dir/feature_tests.c.o  -o cmTC_914d8 
make[1]: Leaving directory '/home/mohsen/ClionProjects/CrowFM/cmake-build-debug/CMakeFiles/CMakeTmp'


    Feature record: C_FEATURE:1c_function_prototypes
    Feature record: C_FEATURE:1c_restrict
    Feature record: C_FEATURE:0c_static_assert
    Feature record: C_FEATURE:1c_variadic_macros


Detecting C [-std=c90] compiler features compiled with the following output:
Change Dir: /home/mohsen/ClionProjects/CrowFM/cmake-build-debug/CMakeFiles/CMakeTmp

Run Build Command:"/tools/bin/make" "cmTC_4d12f/fast"
/tools/bin/make -f CMakeFiles/cmTC_4d12f.dir/build.make CMakeFiles/cmTC_4d12f.dir/build
make[1]: Entering directory '/home/mohsen/ClionProjects/CrowFM/cmake-build-debug/CMakeFiles/CMakeTmp'
Building C object CMakeFiles/cmTC_4d12f.dir/feature_tests.c.o
/tools/bin/cc    -std=c90 -o CMakeFiles/cmTC_4d12f.dir/feature_tests.c.o   -c /home/mohsen/ClionProjects/CrowFM/cmake-build-debug/CMakeFiles/feature_tests.c
Linking C executable cmTC_4d12f
/opt/clion/bin/cmake/bin/cmake -E cmake_link_script CMakeFiles/cmTC_4d12f.dir/link.txt --verbose=1
/tools/bin/cc       CMakeFiles/cmTC_4d12f.dir/feature_tests.c.o  -o cmTC_4d12f 
make[1]: Leaving directory '/home/mohsen/ClionProjects/CrowFM/cmake-build-debug/CMakeFiles/CMakeTmp'


    Feature record: C_FEATURE:1c_function_prototypes
    Feature record: C_FEATURE:0c_restrict
    Feature record: C_FEATURE:0c_static_assert
    Feature record: C_FEATURE:0c_variadic_macros
Determining if the CXX compiler works passed with the following output:
Change Dir: /home/mohsen/ClionProjects/CrowFM/cmake-build-debug/CMakeFiles/CMakeTmp

Run Build Command:"/tools/bin/make" "cmTC_f2dd1/fast"
/tools/bin/make -f CMakeFiles/cmTC_f2dd1.dir/build.make CMakeFiles/cmTC_f2dd1.dir/build
make[1]: Entering directory '/home/mohsen/ClionProjects/CrowFM/cmake-build-debug/CMakeFiles/CMakeTmp'
Building CXX object CMakeFiles/cmTC_f2dd1.dir/testCXXCompiler.cxx.o
/tools/bin/c++      -o CMakeFiles/cmTC_f2dd1.dir/testCXXCompiler.cxx.o -c /home/mohsen/ClionProjects/CrowFM/cmake-build-debug/CMakeFiles/CMakeTmp/testCXXCompiler.cxx
Linking CXX executable cmTC_f2dd1
/opt/clion/bin/cmake/bin/cmake -E cmake_link_script CMakeFiles/cmTC_f2dd1.dir/link.txt --verbose=1
/tools/bin/c++        CMakeFiles/cmTC_f2dd1.dir/testCXXCompiler.cxx.o  -o cmTC_f2dd1 
make[1]: Leaving directory '/home/mohsen/ClionProjects/CrowFM/cmake-build-debug/CMakeFiles/CMakeTmp'


Detecting CXX compiler ABI info compiled with the following output:
Change Dir: /home/mohsen/ClionProjects/CrowFM/cmake-build-debug/CMakeFiles/CMakeTmp

Run Build Command:"/tools/bin/make" "cmTC_5f4e3/fast"
/tools/bin/make -f CMakeFiles/cmTC_5f4e3.dir/build.make CMakeFiles/cmTC_5f4e3.dir/build
make[1]: Entering directory '/home/mohsen/ClionProjects/CrowFM/cmake-build-debug/CMakeFiles/CMakeTmp'
Building CXX object CMakeFiles/cmTC_5f4e3.dir/CMakeCXXCompilerABI.cpp.o
/tools/bin/c++      -o CMakeFiles/cmTC_5f4e3.dir/CMakeCXXCompilerABI.cpp.o -c /opt/clion/bin/cmake/share/cmake-3.6/Modules/CMakeCXXCompilerABI.cpp
Linking CXX executable cmTC_5f4e3
/opt/clion/bin/cmake/bin/cmake -E cmake_link_script CMakeFiles/cmTC_5f4e3.dir/link.txt --verbose=1
/tools/bin/c++       -v CMakeFiles/cmTC_5f4e3.dir/CMakeCXXCompilerABI.cpp.o  -o cmTC_5f4e3  
Reading specs from /home/mohsen/Applications/LFS/LFSPartition/tools/bin/../lib/gcc/x86_64-pc-linux-gnu/6.2.0/specs
COLLECT_GCC=/tools/bin/c++
COLLECT_LTO_WRAPPER=/home/mohsen/Applications/LFS/LFSPartition/tools/bin/../libexec/gcc/x86_64-pc-linux-gnu/6.2.0/lto-wrapper
Target: x86_64-pc-linux-gnu
Configured with: ../configure --prefix=/tools --with-local-prefix=/tools --with-native-system-header-dir=/tools/include --enable-languages=c,c++ --disable-libstdcxx-pch --disable-multilib --disable-bootstrap --disable-libgomp
Thread model: posix
gcc version 6.2.0 (GCC) 
COMPILER_PATH=/home/mohsen/Applications/LFS/LFSPartition/tools/bin/../libexec/gcc/x86_64-pc-linux-gnu/6.2.0/:/home/mohsen/Applications/LFS/LFSPartition/tools/bin/../libexec/gcc/:/home/mohsen/Applications/LFS/LFSPartition/tools/bin/../lib/gcc/x86_64-pc-linux-gnu/6.2.0/../../../../x86_64-pc-linux-gnu/bin/
LIBRARY_PATH=/home/mohsen/Applications/LFS/LFSPartition/tools/bin/../lib/gcc/x86_64-pc-linux-gnu/6.2.0/:/home/mohsen/Applications/LFS/LFSPartition/tools/bin/../lib/gcc/:/usr/lib/../lib64/:/home/mohsen/Applications/LFS/LFSPartition/tools/bin/../lib/gcc/x86_64-pc-linux-gnu/6.2.0/../../../../x86_64-pc-linux-gnu/lib/:/usr/lib/
COLLECT_GCC_OPTIONS='-v' '-o' 'cmTC_5f4e3' '-shared-libgcc' '-mtune=generic' '-march=x86-64'
 /home/mohsen/Applications/LFS/LFSPartition/tools/bin/../libexec/gcc/x86_64-pc-linux-gnu/6.2.0/collect2 -plugin /home/mohsen/Applications/LFS/LFSPartition/tools/bin/../libexec/gcc/x86_64-pc-linux-gnu/6.2.0/liblto_plugin.so -plugin-opt=/home/mohsen/Applications/LFS/LFSPartition/tools/bin/../libexec/gcc/x86_64-pc-linux-gnu/6.2.0/lto-wrapper -plugin-opt=-fresolution=/tmp/ccy3LYmx.res -plugin-opt=-pass-through=-lgcc_s -plugin-opt=-pass-through=-lgcc -plugin-opt=-pass-through=-lc -plugin-opt=-pass-through=-lgcc_s -plugin-opt=-pass-through=-lgcc --eh-frame-hdr -m elf_x86_64 -dynamic-linker /lib64/ld-linux-x86-64.so.2 -o cmTC_5f4e3 /usr/lib/../lib64/crt1.o /usr/lib/../lib64/crti.o /home/mohsen/Applications/LFS/LFSPartition/tools/bin/../lib/gcc/x86_64-pc-linux-gnu/6.2.0/crtbegin.o -L/home/mohsen/Applications/LFS/LFSPartition/tools/bin/../lib/gcc/x86_64-pc-linux-gnu/6.2.0 -L/home/mohsen/Applications/LFS/LFSPartition/tools/bin/../lib/gcc -L/usr/lib/../lib64 -L/home/mohsen/Applications/LFS/LFSPartition/tools/bin/../lib/gcc/x86_64-pc-linux-gnu/6.2.0/../../../../x86_64-pc-linux-gnu/lib CMakeFiles/cmTC_5f4e3.dir/CMakeCXXCompilerABI.cpp.o -lstdc++ -lm -lgcc_s -lgcc -lc -lgcc_s -lgcc /home/mohsen/Applications/LFS/LFSPartition/tools/bin/../lib/gcc/x86_64-pc-linux-gnu/6.2.0/crtend.o /usr/lib/../lib64/crtn.o
COLLECT_GCC_OPTIONS='-v' '-o' 'cmTC_5f4e3' '-shared-libgcc' '-mtune=generic' '-march=x86-64'
make[1]: Leaving directory '/home/mohsen/ClionProjects/CrowFM/cmake-build-debug/CMakeFiles/CMakeTmp'


Parsed CXX implicit link information from above output:
  link line regex: [^( *|.*[/\])(ld|([^/\]+-)?ld|collect2)[^/\]*( |$)]
  ignore line: [Change Dir: /home/mohsen/ClionProjects/CrowFM/cmake-build-debug/CMakeFiles/CMakeTmp]
  ignore line: []
  ignore line: [Run Build Command:"/tools/bin/make" "cmTC_5f4e3/fast"]
  ignore line: [/tools/bin/make -f CMakeFiles/cmTC_5f4e3.dir/build.make CMakeFiles/cmTC_5f4e3.dir/build]
  ignore line: [make[1]: Entering directory '/home/mohsen/ClionProjects/CrowFM/cmake-build-debug/CMakeFiles/CMakeTmp']
  ignore line: [Building CXX object CMakeFiles/cmTC_5f4e3.dir/CMakeCXXCompilerABI.cpp.o]
  ignore line: [/tools/bin/c++      -o CMakeFiles/cmTC_5f4e3.dir/CMakeCXXCompilerABI.cpp.o -c /opt/clion/bin/cmake/share/cmake-3.6/Modules/CMakeCXXCompilerABI.cpp]
  ignore line: [Linking CXX executable cmTC_5f4e3]
  ignore line: [/opt/clion/bin/cmake/bin/cmake -E cmake_link_script CMakeFiles/cmTC_5f4e3.dir/link.txt --verbose=1]
  ignore line: [/tools/bin/c++       -v CMakeFiles/cmTC_5f4e3.dir/CMakeCXXCompilerABI.cpp.o  -o cmTC_5f4e3  ]
  ignore line: [Reading specs from /home/mohsen/Applications/LFS/LFSPartition/tools/bin/../lib/gcc/x86_64-pc-linux-gnu/6.2.0/specs]
  ignore line: [COLLECT_GCC=/tools/bin/c++]
  ignore line: [COLLECT_LTO_WRAPPER=/home/mohsen/Applications/LFS/LFSPartition/tools/bin/../libexec/gcc/x86_64-pc-linux-gnu/6.2.0/lto-wrapper]
  ignore line: [Target: x86_64-pc-linux-gnu]
  ignore line: [Configured with: ../configure --prefix=/tools --with-local-prefix=/tools --with-native-system-header-dir=/tools/include --enable-languages=c,c++ --disable-libstdcxx-pch --disable-multilib --disable-bootstrap --disable-libgomp]
  ignore line: [Thread model: posix]
  ignore line: [gcc version 6.2.0 (GCC) ]
  ignore line: [COMPILER_PATH=/home/mohsen/Applications/LFS/LFSPartition/tools/bin/../libexec/gcc/x86_64-pc-linux-gnu/6.2.0/:/home/mohsen/Applications/LFS/LFSPartition/tools/bin/../libexec/gcc/:/home/mohsen/Applications/LFS/LFSPartition/tools/bin/../lib/gcc/x86_64-pc-linux-gnu/6.2.0/../../../../x86_64-pc-linux-gnu/bin/]
  ignore line: [LIBRARY_PATH=/home/mohsen/Applications/LFS/LFSPartition/tools/bin/../lib/gcc/x86_64-pc-linux-gnu/6.2.0/:/home/mohsen/Applications/LFS/LFSPartition/tools/bin/../lib/gcc/:/usr/lib/../lib64/:/home/mohsen/Applications/LFS/LFSPartition/tools/bin/../lib/gcc/x86_64-pc-linux-gnu/6.2.0/../../../../x86_64-pc-linux-gnu/lib/:/usr/lib/]
  ignore line: [COLLECT_GCC_OPTIONS='-v' '-o' 'cmTC_5f4e3' '-shared-libgcc' '-mtune=generic' '-march=x86-64']
  link line: [ /home/mohsen/Applications/LFS/LFSPartition/tools/bin/../libexec/gcc/x86_64-pc-linux-gnu/6.2.0/collect2 -plugin /home/mohsen/Applications/LFS/LFSPartition/tools/bin/../libexec/gcc/x86_64-pc-linux-gnu/6.2.0/liblto_plugin.so -plugin-opt=/home/mohsen/Applications/LFS/LFSPartition/tools/bin/../libexec/gcc/x86_64-pc-linux-gnu/6.2.0/lto-wrapper -plugin-opt=-fresolution=/tmp/ccy3LYmx.res -plugin-opt=-pass-through=-lgcc_s -plugin-opt=-pass-through=-lgcc -plugin-opt=-pass-through=-lc -plugin-opt=-pass-through=-lgcc_s -plugin-opt=-pass-through=-lgcc --eh-frame-hdr -m elf_x86_64 -dynamic-linker /lib64/ld-linux-x86-64.so.2 -o cmTC_5f4e3 /usr/lib/../lib64/crt1.o /usr/lib/../lib64/crti.o /home/mohsen/Applications/LFS/LFSPartition/tools/bin/../lib/gcc/x86_64-pc-linux-gnu/6.2.0/crtbegin.o -L/home/mohsen/Applications/LFS/LFSPartition/tools/bin/../lib/gcc/x86_64-pc-linux-gnu/6.2.0 -L/home/mohsen/Applications/LFS/LFSPartition/tools/bin/../lib/gcc -L/usr/lib/../lib64 -L/home/mohsen/Applications/LFS/LFSPartition/tools/bin/../lib/gcc/x86_64-pc-linux-gnu/6.2.0/../../../../x86_64-pc-linux-gnu/lib CMakeFiles/cmTC_5f4e3.dir/CMakeCXXCompilerABI.cpp.o -lstdc++ -lm -lgcc_s -lgcc -lc -lgcc_s -lgcc /home/mohsen/Applications/LFS/LFSPartition/tools/bin/../lib/gcc/x86_64-pc-linux-gnu/6.2.0/crtend.o /usr/lib/../lib64/crtn.o]
    arg [/home/mohsen/Applications/LFS/LFSPartition/tools/bin/../libexec/gcc/x86_64-pc-linux-gnu/6.2.0/collect2] ==> ignore
    arg [-plugin] ==> ignore
    arg [/home/mohsen/Applications/LFS/LFSPartition/tools/bin/../libexec/gcc/x86_64-pc-linux-gnu/6.2.0/liblto_plugin.so] ==> ignore
    arg [-plugin-opt=/home/mohsen/Applications/LFS/LFSPartition/tools/bin/../libexec/gcc/x86_64-pc-linux-gnu/6.2.0/lto-wrapper] ==> ignore
    arg [-plugin-opt=-fresolution=/tmp/ccy3LYmx.res] ==> ignore
    arg [-plugin-opt=-pass-through=-lgcc_s] ==> ignore
    arg [-plugin-opt=-pass-through=-lgcc] ==> ignore
    arg [-plugin-opt=-pass-through=-lc] ==> ignore
    arg [-plugin-opt=-pass-through=-lgcc_s] ==> ignore
    arg [-plugin-opt=-pass-through=-lgcc] ==> ignore
    arg [--eh-frame-hdr] ==> ignore
    arg [-m] ==> ignore
    arg [elf_x86_64] ==> ignore
    arg [-dynamic-linker] ==> ignore
    arg [/lib64/ld-linux-x86-64.so.2] ==> ignore
    arg [-o] ==> ignore
    arg [cmTC_5f4e3] ==> ignore
    arg [/usr/lib/../lib64/crt1.o] ==> ignore
    arg [/usr/lib/../lib64/crti.o] ==> ignore
    arg [/home/mohsen/Applications/LFS/LFSPartition/tools/bin/../lib/gcc/x86_64-pc-linux-gnu/6.2.0/crtbegin.o] ==> ignore
    arg [-L/home/mohsen/Applications/LFS/LFSPartition/tools/bin/../lib/gcc/x86_64-pc-linux-gnu/6.2.0] ==> dir [/home/mohsen/Applications/LFS/LFSPartition/tools/bin/../lib/gcc/x86_64-pc-linux-gnu/6.2.0]
    arg [-L/home/mohsen/Applications/LFS/LFSPartition/tools/bin/../lib/gcc] ==> dir [/home/mohsen/Applications/LFS/LFSPartition/tools/bin/../lib/gcc]
    arg [-L/usr/lib/../lib64] ==> dir [/usr/lib/../lib64]
    arg [-L/home/mohsen/Applications/LFS/LFSPartition/tools/bin/../lib/gcc/x86_64-pc-linux-gnu/6.2.0/../../../../x86_64-pc-linux-gnu/lib] ==> dir [/home/mohsen/Applications/LFS/LFSPartition/tools/bin/../lib/gcc/x86_64-pc-linux-gnu/6.2.0/../../../../x86_64-pc-linux-gnu/lib]
    arg [CMakeFiles/cmTC_5f4e3.dir/CMakeCXXCompilerABI.cpp.o] ==> ignore
    arg [-lstdc++] ==> lib [stdc++]
    arg [-lm] ==> lib [m]
    arg [-lgcc_s] ==> lib [gcc_s]
    arg [-lgcc] ==> lib [gcc]
    arg [-lc] ==> lib [c]
    arg [-lgcc_s] ==> lib [gcc_s]
    arg [-lgcc] ==> lib [gcc]
    arg [/home/mohsen/Applications/LFS/LFSPartition/tools/bin/../lib/gcc/x86_64-pc-linux-gnu/6.2.0/crtend.o] ==> ignore
    arg [/usr/lib/../lib64/crtn.o] ==> ignore
  remove lib [gcc_s]
  remove lib [gcc]
  remove lib [gcc_s]
  remove lib [gcc]
  collapse library dir [/home/mohsen/Applications/LFS/LFSPartition/tools/bin/../lib/gcc/x86_64-pc-linux-gnu/6.2.0] ==> [/home/mohsen/Applications/LFS/LFSPartition/tools/lib/gcc/x86_64-pc-linux-gnu/6.2.0]
  collapse library dir [/home/mohsen/Applications/LFS/LFSPartition/tools/bin/../lib/gcc] ==> [/home/mohsen/Applications/LFS/LFSPartition/tools/lib/gcc]
  collapse library dir [/usr/lib/../lib64] ==> [/usr/lib64]
  collapse library dir [/home/mohsen/Applications/LFS/LFSPartition/tools/bin/../lib/gcc/x86_64-pc-linux-gnu/6.2.0/../../../../x86_64-pc-linux-gnu/lib] ==> [/home/mohsen/Applications/LFS/LFSPartition/tools/x86_64-pc-linux-gnu/lib]
  implicit libs: [stdc++;m;c]
  implicit dirs: [/home/mohsen/Applications/LFS/LFSPartition/tools/lib/gcc/x86_64-pc-linux-gnu/6.2.0;/home/mohsen/Applications/LFS/LFSPartition/tools/lib/gcc;/usr/lib64;/home/mohsen/Applications/LFS/LFSPartition/tools/x86_64-pc-linux-gnu/lib]
  implicit fwks: []




Detecting CXX [-std=c++14] compiler features compiled with the following output:
Change Dir: /home/mohsen/ClionProjects/CrowFM/cmake-build-debug/CMakeFiles/CMakeTmp

Run Build Command:"/tools/bin/make" "cmTC_08bbc/fast"
/tools/bin/make -f CMakeFiles/cmTC_08bbc.dir/build.make CMakeFiles/cmTC_08bbc.dir/build
make[1]: Entering directory '/home/mohsen/ClionProjects/CrowFM/cmake-build-debug/CMakeFiles/CMakeTmp'
Building CXX object CMakeFiles/cmTC_08bbc.dir/feature_tests.cxx.o
/tools/bin/c++     -std=c++14 -o CMakeFiles/cmTC_08bbc.dir/feature_tests.cxx.o -c /home/mohsen/ClionProjects/CrowFM/cmake-build-debug/CMakeFiles/feature_tests.cxx
Linking CXX executable cmTC_08bbc
/opt/clion/bin/cmake/bin/cmake -E cmake_link_script CMakeFiles/cmTC_08bbc.dir/link.txt --verbose=1
/tools/bin/c++        CMakeFiles/cmTC_08bbc.dir/feature_tests.cxx.o  -o cmTC_08bbc 
make[1]: Leaving directory '/home/mohsen/ClionProjects/CrowFM/cmake-build-debug/CMakeFiles/CMakeTmp'


    Feature record: CXX_FEATURE:1cxx_aggregate_default_initializers
    Feature record: CXX_FEATURE:1cxx_alias_templates
    Feature record: CXX_FEATURE:1cxx_alignas
    Feature record: CXX_FEATURE:1cxx_alignof
    Feature record: CXX_FEATURE:1cxx_attributes
    Feature record: CXX_FEATURE:1cxx_attribute_deprecated
    Feature record: CXX_FEATURE:1cxx_auto_type
    Feature record: CXX_FEATURE:1cxx_binary_literals
    Feature record: CXX_FEATURE:1cxx_constexpr
    Feature record: CXX_FEATURE:1cxx_contextual_conversions
    Feature record: CXX_FEATURE:1cxx_decltype
    Feature record: CXX_FEATURE:1cxx_decltype_auto
    Feature record: CXX_FEATURE:1cxx_decltype_incomplete_return_types
    Feature record: CXX_FEATURE:1cxx_default_function_template_args
    Feature record: CXX_FEATURE:1cxx_defaulted_functions
    Feature record: CXX_FEATURE:1cxx_defaulted_move_initializers
    Feature record: CXX_FEATURE:1cxx_delegating_constructors
    Feature record: CXX_FEATURE:1cxx_deleted_functions
    Feature record: CXX_FEATURE:1cxx_digit_separators
    Feature record: CXX_FEATURE:1cxx_enum_forward_declarations
    Feature record: CXX_FEATURE:1cxx_explicit_conversions
    Feature record: CXX_FEATURE:1cxx_extended_friend_declarations
    Feature record: CXX_FEATURE:1cxx_extern_templates
    Feature record: CXX_FEATURE:1cxx_final
    Feature record: CXX_FEATURE:1cxx_func_identifier
    Feature record: CXX_FEATURE:1cxx_generalized_initializers
    Feature record: CXX_FEATURE:1cxx_generic_lambdas
    Feature record: CXX_FEATURE:1cxx_inheriting_constructors
    Feature record: CXX_FEATURE:1cxx_inline_namespaces
    Feature record: CXX_FEATURE:1cxx_lambdas
    Feature record: CXX_FEATURE:1cxx_lambda_init_captures
    Feature record: CXX_FEATURE:1cxx_local_type_template_args
    Feature record: CXX_FEATURE:1cxx_long_long_type
    Feature record: CXX_FEATURE:1cxx_noexcept
    Feature record: CXX_FEATURE:1cxx_nonstatic_member_init
    Feature record: CXX_FEATURE:1cxx_nullptr
    Feature record: CXX_FEATURE:1cxx_override
    Feature record: CXX_FEATURE:1cxx_range_for
    Feature record: CXX_FEATURE:1cxx_raw_string_literals
    Feature record: CXX_FEATURE:1cxx_reference_qualified_functions
    Feature record: CXX_FEATURE:1cxx_relaxed_constexpr
    Feature record: CXX_FEATURE:1cxx_return_type_deduction
    Feature record: CXX_FEATURE:1cxx_right_angle_brackets
    Feature record: CXX_FEATURE:1cxx_rvalue_references
    Feature record: CXX_FEATURE:1cxx_sizeof_member
    Feature record: CXX_FEATURE:1cxx_static_assert
    Feature record: CXX_FEATURE:1cxx_strong_enums
    Feature record: CXX_FEATURE:1cxx_template_template_parameters
    Feature record: CXX_FEATURE:1cxx_thread_local
    Feature record: CXX_FEATURE:1cxx_trailing_return_types
    Feature record: CXX_FEATURE:1cxx_unicode_literals
    Feature record: CXX_FEATURE:1cxx_uniform_initialization
    Feature record: CXX_FEATURE:1cxx_unrestricted_unions
    Feature record: CXX_FEATURE:1cxx_user_literals
    Feature record: CXX_FEATURE:1cxx_variable_templates
    Feature record: CXX_FEATURE:1cxx_variadic_macros
    Feature record: CXX_FEATURE:1cxx_variadic_templates


Detecting CXX [-std=c++11] compiler features compiled with the following output:
Change Dir: /home/mohsen/ClionProjects/CrowFM/cmake-build-debug/CMakeFiles/CMakeTmp

Run Build Command:"/tools/bin/make" "cmTC_a2a22/fast"
/tools/bin/make -f CMakeFiles/cmTC_a2a22.dir/build.make CMakeFiles/cmTC_a2a22.dir/build
make[1]: Entering directory '/home/mohsen/ClionProjects/CrowFM/cmake-build-debug/CMakeFiles/CMakeTmp'
Building CXX object CMakeFiles/cmTC_a2a22.dir/feature_tests.cxx.o
/tools/bin/c++     -std=c++11 -o CMakeFiles/cmTC_a2a22.dir/feature_tests.cxx.o -c /home/mohsen/ClionProjects/CrowFM/cmake-build-debug/CMakeFiles/feature_tests.cxx
Linking CXX executable cmTC_a2a22
/opt/clion/bin/cmake/bin/cmake -E cmake_link_script CMakeFiles/cmTC_a2a22.dir/link.txt --verbose=1
/tools/bin/c++        CMakeFiles/cmTC_a2a22.dir/feature_tests.cxx.o  -o cmTC_a2a22 
make[1]: Leaving directory '/home/mohsen/ClionProjects/CrowFM/cmake-build-debug/CMakeFiles/CMakeTmp'


    Feature record: CXX_FEATURE:0cxx_aggregate_default_initializers
    Feature record: CXX_FEATURE:1cxx_alias_templates
    Feature record: CXX_FEATURE:1cxx_alignas
    Feature record: CXX_FEATURE:1cxx_alignof
    Feature record: CXX_FEATURE:1cxx_attributes
    Feature record: CXX_FEATURE:0cxx_attribute_deprecated
    Feature record: CXX_FEATURE:1cxx_auto_type
    Feature record: CXX_FEATURE:0cxx_binary_literals
    Feature record: CXX_FEATURE:1cxx_constexpr
    Feature record: CXX_FEATURE:0cxx_contextual_conversions
    Feature record: CXX_FEATURE:1cxx_decltype
    Feature record: CXX_FEATURE:0cxx_decltype_auto
    Feature record: CXX_FEATURE:1cxx_decltype_incomplete_return_types
    Feature record: CXX_FEATURE:1cxx_default_function_template_args
    Feature record: CXX_FEATURE:1cxx_defaulted_functions
    Feature record: CXX_FEATURE:1cxx_defaulted_move_initializers
    Feature record: CXX_FEATURE:1cxx_delegating_constructors
    Feature record: CXX_FEATURE:1cxx_deleted_functions
    Feature record: CXX_FEATURE:0cxx_digit_separators
    Feature record: CXX_FEATURE:1cxx_enum_forward_declarations
    Feature record: CXX_FEATURE:1cxx_explicit_conversions
    Feature record: CXX_FEATURE:1cxx_extended_friend_declarations
    Feature record: CXX_FEATURE:1cxx_extern_templates
    Feature record: CXX_FEATURE:1cxx_final
    Feature record: CXX_FEATURE:1cxx_func_identifier
    Feature record: CXX_FEATURE:1cxx_generalized_initializers
    Feature record: CXX_FEATURE:0cxx_generic_lambdas
    Feature record: CXX_FEATURE:1cxx_inheriting_constructors
    Feature record: CXX_FEATURE:1cxx_inline_namespaces
    Feature record: CXX_FEATURE:1cxx_lambdas
    Feature record: CXX_FEATURE:0cxx_lambda_init_captures
    Feature record: CXX_FEATURE:1cxx_local_type_template_args
    Feature record: CXX_FEATURE:1cxx_long_long_type
    Feature record: CXX_FEATURE:1cxx_noexcept
    Feature record: CXX_FEATURE:1cxx_nonstatic_member_init
    Feature record: CXX_FEATURE:1cxx_nullptr
    Feature record: CXX_FEATURE:1cxx_override
    Feature record: CXX_FEATURE:1cxx_range_for
    Feature record: CXX_FEATURE:1cxx_raw_string_literals
    Feature record: CXX_FEATURE:1cxx_reference_qualified_functions
    Feature record: CXX_FEATURE:0cxx_relaxed_constexpr
    Feature record: CXX_FEATURE:0cxx_return_type_deduction
    Feature record: CXX_FEATURE:1cxx_right_angle_brackets
    Feature record: CXX_FEATURE:1cxx_rvalue_references
    Feature record: CXX_FEATURE:1cxx_sizeof_member
    Feature record: CXX_FEATURE:1cxx_static_assert
    Feature record: CXX_FEATURE:1cxx_strong_enums
    Feature record: CXX_FEATURE:1cxx_template_template_parameters
    Feature record: CXX_FEATURE:1cxx_thread_local
    Feature record: CXX_FEATURE:1cxx_trailing_return_types
    Feature record: CXX_FEATURE:1cxx_unicode_literals
    Feature record: CXX_FEATURE:1cxx_uniform_initialization
    Feature record: CXX_FEATURE:1cxx_unrestricted_unions
    Feature record: CXX_FEATURE:1cxx_user_literals
    Feature record: CXX_FEATURE:0cxx_variable_templates
    Feature record: CXX_FEATURE:1cxx_variadic_macros
    Feature record: CXX_FEATURE:1cxx_variadic_templates


Detecting CXX [-std=c++98] compiler features compiled with the following output:
Change Dir: /home/mohsen/ClionProjects/CrowFM/cmake-build-debug/CMakeFiles/CMakeTmp

Run Build Command:"/tools/bin/make" "cmTC_ad97d/fast"
/tools/bin/make -f CMakeFiles/cmTC_ad97d.dir/build.make CMakeFiles/cmTC_ad97d.dir/build
make[1]: Entering directory '/home/mohsen/ClionProjects/CrowFM/cmake-build-debug/CMakeFiles/CMakeTmp'
Building CXX object CMakeFiles/cmTC_ad97d.dir/feature_tests.cxx.o
/tools/bin/c++     -std=c++98 -o CMakeFiles/cmTC_ad97d.dir/feature_tests.cxx.o -c /home/mohsen/ClionProjects/CrowFM/cmake-build-debug/CMakeFiles/feature_tests.cxx
Linking CXX executable cmTC_ad97d
/opt/clion/bin/cmake/bin/cmake -E cmake_link_script CMakeFiles/cmTC_ad97d.dir/link.txt --verbose=1
/tools/bin/c++        CMakeFiles/cmTC_ad97d.dir/feature_tests.cxx.o  -o cmTC_ad97d 
make[1]: Leaving directory '/home/mohsen/ClionProjects/CrowFM/cmake-build-debug/CMakeFiles/CMakeTmp'


    Feature record: CXX_FEATURE:0cxx_aggregate_default_initializers
    Feature record: CXX_FEATURE:0cxx_alias_templates
    Feature record: CXX_FEATURE:0cxx_alignas
    Feature record: CXX_FEATURE:0cxx_alignof
    Feature record: CXX_FEATURE:0cxx_attributes
    Feature record: CXX_FEATURE:0cxx_attribute_deprecated
    Feature record: CXX_FEATURE:0cxx_auto_type
    Feature record: CXX_FEATURE:0cxx_binary_literals
    Feature record: CXX_FEATURE:0cxx_constexpr
    Feature record: CXX_FEATURE:0cxx_contextual_conversions
    Feature record: CXX_FEATURE:0cxx_decltype
    Feature record: CXX_FEATURE:0cxx_decltype_auto
    Feature record: CXX_FEATURE:0cxx_decltype_incomplete_return_types
    Feature record: CXX_FEATURE:0cxx_default_function_template_args
    Feature record: CXX_FEATURE:0cxx_defaulted_functions
    Feature record: CXX_FEATURE:0cxx_defaulted_move_initializers
    Feature record: CXX_FEATURE:0cxx_delegating_constructors
    Feature record: CXX_FEATURE:0cxx_deleted_functions
    Feature record: CXX_FEATURE:0cxx_digit_separators
    Feature record: CXX_FEATURE:0cxx_enum_forward_declarations
    Feature record: CXX_FEATURE:0cxx_explicit_conversions
    Feature record: CXX_FEATURE:0cxx_extended_friend_declarations
    Feature record: CXX_FEATURE:0cxx_extern_templates
    Feature record: CXX_FEATURE:0cxx_final
    Feature record: CXX_FEATURE:0cxx_func_identifier
    Feature record: CXX_FEATURE:0cxx_generalized_initializers
    Feature record: CXX_FEATURE:0cxx_generic_lambdas
    Feature record: CXX_FEATURE:0cxx_inheriting_constructors
    Feature record: CXX_FEATURE:0cxx_inline_namespaces
    Feature record: CXX_FEATURE:0cxx_lambdas
    Feature record: CXX_FEATURE:0cxx_lambda_init_captures
    Feature record: CXX_FEATURE:0cxx_local_type_template_args
    Feature record: CXX_FEATURE:0cxx_long_long_type
    Feature record: CXX_FEATURE:0cxx_noexcept
    Feature record: CXX_FEATURE:0cxx_nonstatic_member_init
    Feature record: CXX_FEATURE:0cxx_nullptr
    Feature record: CXX_FEATURE:0cxx_override
    Feature record: CXX_FEATURE:0cxx_range_for
    Feature record: CXX_FEATURE:0cxx_raw_string_literals
    Feature record: CXX_FEATURE:0cxx_reference_qualified_functions
    Feature record: CXX_FEATURE:0cxx_relaxed_constexpr
    Feature record: CXX_FEATURE:0cxx_return_type_deduction
    Feature record: CXX_FEATURE:0cxx_right_angle_brackets
    Feature record: CXX_FEATURE:0cxx_rvalue_references
    Feature record: CXX_FEATURE:0cxx_sizeof_member
    Feature record: CXX_FEATURE:0cxx_static_assert
    Feature record: CXX_FEATURE:0cxx_strong_enums
    Feature record: CXX_FEATURE:1cxx_template_template_parameters
    Feature record: CXX_FEATURE:0cxx_thread_local
    Feature record: CXX_FEATURE:0cxx_trailing_return_types
    Feature record: CXX_FEATURE:0cxx_unicode_literals
    Feature record: CXX_FEATURE:0cxx_uniform_initialization
    Feature record: CXX_FEATURE:0cxx_unrestricted_unions
    Feature record: CXX_FEATURE:0cxx_user_literals
    Feature record: CXX_FEATURE:0cxx_variable_templates
    Feature record: CXX_FEATURE:0cxx_variadic_macros
    Feature record: CXX_FEATURE:0cxx_variadic_templates
